<?xml version="1.0" encoding="UTF-8"?>
<robot generator="Robot 3.2.2 (Python 3.8.5 on win32)" generated="20210112 09:38:15.784" rpa="false">
<suite id="s1" name="RMPurchase" source="C:\EclipsePortable-All-cpf\EclipsePortable\Data\workspace\WinProcessing RMPurchase\Tests\RMPurchase.robot">
<test id="s1-t1" name="Winprocessing UAT">
<kw name="Sikuli Test Setup" library="TestUtils" type="setup">
<kw name="Add Needed Image Path" library="TestUtils">
<kw name="Add Image Path" library="SikuliLibrary">
<doc>Add image path</doc>
<arguments>
<arg>${IMAGE_DIR}</arg>
</arguments>
<msg timestamp="20210112 09:38:18.221" level="INFO">Params: [C:\EclipsePortable-All-cpf\EclipsePortable\Data\workspace\WinProcessing RMPurchase\Tests\..\Images]</msg>
<status status="PASS" starttime="20210112 09:38:18.208" endtime="20210112 09:38:18.221"></status>
</kw>
<status status="PASS" starttime="20210112 09:38:18.207" endtime="20210112 09:38:18.221"></status>
</kw>
<kw name="Set Move Mouse Delay" library="SikuliLibrary">
<doc>Set move mouse delay</doc>
<arguments>
<arg>0.15</arg>
</arguments>
<msg timestamp="20210112 09:38:18.224" level="INFO">Params: [0.15]</msg>
<status status="PASS" starttime="20210112 09:38:18.221" endtime="20210112 09:38:18.224"></status>
</kw>
<status status="PASS" starttime="20210112 09:38:18.207" endtime="20210112 09:38:18.224"></status>
</kw>
<kw name="Open Remote Desktop" library="LoginPage">
<kw name="Click Button with Sikuli -&gt; ${StartBtn} timeout ${3} sec." library="SikuliUtils">
<kw name="Wait Until Screen Contain" library="SikuliLibrary">
<doc>Wait until screen contain
 Wait until image shown in screen</doc>
<arguments>
<arg>${image}</arg>
<arg>${sec}</arg>
</arguments>
<msg timestamp="20210112 09:38:18.717" level="INFO">Params: [StartBtn.png, 3]</msg>
<msg timestamp="20210112 09:38:18.717" level="INFO" html="yes">&lt;img src='sikuli_captured/sikuliximage-1610419098707.png'/&gt;</msg>
<status status="PASS" starttime="20210112 09:38:18.225" endtime="20210112 09:38:18.717"></status>
</kw>
<kw name="Click" library="SikuliLibrary">
<doc>Click</doc>
<arguments>
<arg>${image}</arg>
</arguments>
<msg timestamp="20210112 09:38:19.131" level="INFO">Params: [StartBtn.png]</msg>
<msg timestamp="20210112 09:38:19.132" level="INFO" html="yes">&lt;img src='sikuli_captured/sikuliximage-1610419098833.png'/&gt;
[log] CLICK on L[24,748]@S(0) (209 msec)</msg>
<status status="PASS" starttime="20210112 09:38:18.717" endtime="20210112 09:38:19.132"></status>
</kw>
<status status="PASS" starttime="20210112 09:38:18.225" endtime="20210112 09:38:19.132"></status>
</kw>
<kw name="Input text and Press Enter in ${texField} with -&gt; ${Input}" library="SikuliUtils">
<kw name="Wait Until Screen Contain" library="SikuliLibrary">
<doc>Wait until screen contain
 Wait until image shown in screen</doc>
<arguments>
<arg>${texField}</arg>
<arg>20</arg>
</arguments>
<msg timestamp="20210112 09:38:19.319" level="INFO">Params: [InputText.png, 20]</msg>
<msg timestamp="20210112 09:38:19.319" level="INFO" html="yes">&lt;img src='sikuli_captured/sikuliximage-1610419099297.png'/&gt;</msg>
<status status="PASS" starttime="20210112 09:38:19.133" endtime="20210112 09:38:19.319"></status>
</kw>
<kw name="Click In" library="SikuliLibrary">
<doc>Click in. 
Click target image in area image.</doc>
<arguments>
<arg>${texField}</arg>
<arg>${texField}</arg>
</arguments>
<msg timestamp="20210112 09:38:19.735" level="INFO">Params: [InputText.png, InputText.png]</msg>
<msg timestamp="20210112 09:38:19.735" level="INFO" html="yes">&lt;img src='sikuli_captured/sikuliximage-1610419099469.png'/&gt;
InputText.png is found!</msg>
<msg timestamp="20210112 09:38:19.735" level="INFO" html="yes">&lt;img src='sikuli_captured/sikuliximage-1610419099515.png'/&gt;
[log] CLICK on L[145,749]@S(0) (198 msec)</msg>
<status status="PASS" starttime="20210112 09:38:19.320" endtime="20210112 09:38:19.735"></status>
</kw>
<kw name="Input Text" library="SikuliLibrary">
<doc>Input text
 Image could be empty</doc>
<arguments>
<arg>${texField}</arg>
<arg>${data}</arg>
</arguments>
<msg timestamp="20210112 09:38:20.353" level="INFO">Params: [InputText.png, mstsc]
Input Text:
mstsc</msg>
<msg timestamp="20210112 09:38:20.353" level="INFO" html="yes">&lt;img src='sikuli_captured/sikuliximage-1610419099904.png'/&gt;
[log] CLICK on L[145,749]@S(0) (31 msec)
[log]  TYPE "mstsc"
Params: [InputText.png, mstsc]
Input Text:
mstsc</msg>
<msg timestamp="20210112 09:38:20.353" level="INFO" html="yes">&lt;img src='sikuli_captured/sikuliximage-1610419100199.png'/&gt;
[log] CLICK on L[145,749]@S(0) (59 msec)
[log]  TYPE "mstsc"</msg>
<msg timestamp="20210112 09:38:20.353" level="FAIL">java.lang.IllegalArgumentException: Key: Not supported character: m</msg>
<status status="FAIL" starttime="20210112 09:38:19.736" endtime="20210112 09:38:20.353"></status>
</kw>
<status status="FAIL" starttime="20210112 09:38:19.132" endtime="20210112 09:38:20.353"></status>
</kw>
<status status="FAIL" starttime="20210112 09:38:18.224" endtime="20210112 09:38:20.353"></status>
</kw>
<kw name="Sikuli Test Teardown" library="TestUtils" type="teardown">
<kw name="Stop Sikuli Server" library="TestUtils">
<kw name="Stop Remote Server" library="SikuliLibrary">
<doc>Stops the remote server.</doc>
<msg timestamp="20210112 09:38:20.363" level="INFO">Robot Framework remote server stopping</msg>
<status status="PASS" starttime="20210112 09:38:20.358" endtime="20210112 09:38:20.363"></status>
</kw>
<status status="PASS" starttime="20210112 09:38:20.358" endtime="20210112 09:38:20.363"></status>
</kw>
<kw name="Close Application" library="SikuliLibrary">
<doc>Close application</doc>
<arguments>
<arg>${citrix application}</arg>
</arguments>
<msg timestamp="20210112 09:38:20.375" level="INFO">Params: [wfica32.exe]</msg>
<status status="PASS" starttime="20210112 09:38:20.363" endtime="20210112 09:38:20.376"></status>
</kw>
<status status="PASS" starttime="20210112 09:38:20.358" endtime="20210112 09:38:20.376"></status>
</kw>
<status status="FAIL" starttime="20210112 09:38:18.207" endtime="20210112 09:38:20.376" critical="yes">java.lang.IllegalArgumentException: Key: Not supported character: m</status>
</test>
<status status="FAIL" starttime="20210112 09:38:15.799" endtime="20210112 09:38:20.378"></status>
</suite>
<statistics>
<total>
<stat pass="0" fail="1">Critical Tests</stat>
<stat pass="0" fail="1">All Tests</stat>
</total>
<tag>
</tag>
<suite>
<stat pass="0" fail="1" id="s1" name="RMPurchase">RMPurchase</stat>
</suite>
</statistics>
<errors>
</errors>
</robot>
